Using pre-set license
Built from '2020.2/staging' branch; Version is '2020.2.6f1 (8a2143876886) revision 9052483'; Using compiler version '192528614'; Build Type 'Release'
OS: 'Windows 10 Home; OS build 19042.985; Version 2009; 64bit' Language: 'en' Physical Memory: 32717 MB
BatchMode: 1, IsHumanControllingUs: 0, StartBugReporterOnCrash: 0, Is64bit: 1, IsPro: 0

 COMMAND LINE ARGUMENTS:
C:\Program Files\Unity\Hub\Editor\2020.2.6f1\Editor\Unity.exe
-adb2
-batchMode
-noUpm
-name
AssetImportWorker0
-projectPath
D:/AIE Everything/Multiplayer-Game
-logFile
Logs/AssetImportWorker0.log
-srvPort
49193
Successfully changed project path to: D:/AIE Everything/Multiplayer-Game
D:/AIE Everything/Multiplayer-Game
Using Asset Import Pipeline V2.
Refreshing native plugins compatible for Editor in 20.06 ms, found 0 plugins.
Preloading 0 native plugins for Editor in 0.00 ms.
Initialize engine version: 2020.2.6f1 (8a2143876886)
[Subsystems] Discovering subsystems at path C:/Program Files/Unity/Hub/Editor/2020.2.6f1/Editor/Data/Resources/UnitySubsystems
[Subsystems] Discovering subsystems at path D:/AIE Everything/Multiplayer-Game/Assets
GfxDevice: creating device client; threaded=0
Direct3D:
    Version:  Direct3D 11.0 [level 11.1]
    Renderer: NVIDIA GeForce RTX 2080 SUPER (ID=0x1e81)
    Vendor:   
    VRAM:     8010 MB
    Driver:   27.21.14.5751
Initialize mono
Mono path[0] = 'C:/Program Files/Unity/Hub/Editor/2020.2.6f1/Editor/Data/Managed'
Mono path[1] = 'C:/Program Files/Unity/Hub/Editor/2020.2.6f1/Editor/Data/MonoBleedingEdge/lib/mono/unityjit'
Mono config path = 'C:/Program Files/Unity/Hub/Editor/2020.2.6f1/Editor/Data/MonoBleedingEdge/etc'
Using monoOptions --debugger-agent=transport=dt_socket,embedding=1,server=y,suspend=n,address=127.0.0.1:56824
Begin MonoManager ReloadAssembly
Registering precompiled unity dll's ...
Register platform support module: C:/Program Files/Unity/Hub/Editor/2020.2.6f1/Editor/Data/PlaybackEngines/WebGLSupport/UnityEditor.WebGL.Extensions.dll
Register platform support module: C:/Program Files/Unity/Hub/Editor/2020.2.6f1/Editor/Data/PlaybackEngines/WindowsStandaloneSupport/UnityEditor.WindowsStandalone.Extensions.dll
Registered in 0.001829 seconds.
Native extension for WindowsStandalone target not found
Native extension for WebGL target not found
Refreshing native plugins compatible for Editor in 20.03 ms, found 0 plugins.
Preloading 0 native plugins for Editor in 0.00 ms.
Invoked RoslynAnalysisRunner static constructor.
RoslynAnalysisRunner will not be running.
RoslynAnalysisRunner has terminated.
Mono: successfully reloaded assembly
- Completed reload, in  1.480 seconds
Platform modules already initialized, skipping
Registering precompiled user dll's ...
Registered in 0.000341 seconds.
Begin MonoManager ReloadAssembly
Native extension for WindowsStandalone target not found
Native extension for WebGL target not found
Refreshing native plugins compatible for Editor in 0.26 ms, found 0 plugins.
Preloading 0 native plugins for Editor in 0.00 ms.
Invoked RoslynAnalysisRunner static constructor.
RoslynAnalysisRunner will not be running.
RoslynAnalysisRunner has terminated.
Mono: successfully reloaded assembly
- Completed reload, in  0.666 seconds
Platform modules already initialized, skipping
========================================================================
Worker process is ready to serve import requests
Launched and connected shader compiler UnityShaderCompiler.exe after 0.03 seconds
Refreshing native plugins compatible for Editor in 0.32 ms, found 0 plugins.
Preloading 0 native plugins for Editor in 0.00 ms.
Unloading 1103 Unused Serialized files (Serialized files now loaded: 0)
System memory in use before: 56.6 MB.
System memory in use after: 56.7 MB.

Unloading 10 unused Assets to reduce memory usage. Loaded Objects now: 1544.
Total: 2.251300 ms (FindLiveObjects: 0.260500 ms CreateObjectMapping: 0.046700 ms MarkObjects: 1.851300 ms  DeleteObjects: 0.091100 ms)

========================================================================
Received Import Request.
  path: Assets
  artifactKey: Guid(00000000000000001000000000000000) Importer(815301076,1909f56bfc062723c751e8b465ee728b)
Start importing Assets using Guid(00000000000000001000000000000000) Importer(815301076,1909f56bfc062723c751e8b465ee728b)  -> (artifact id: 'f47cf443bddc682ac2de11ea429897ce') in 0.007795 seconds
  Import took 0.009739 seconds .

========================================================================
Received Import Request.
  Time since last request: 0.000217 seconds.
  path: Assets/Scenes
  artifactKey: Guid(73729f404f7c99d4a8656df3e6078411) Importer(815301076,1909f56bfc062723c751e8b465ee728b)
Start importing Assets/Scenes using Guid(73729f404f7c99d4a8656df3e6078411) Importer(815301076,1909f56bfc062723c751e8b465ee728b)  -> (artifact id: '25fc147ca26afb7664f224bdc800f76c') in 0.005737 seconds
  Import took 0.007478 seconds .

========================================================================
Received Import Request.
  Time since last request: 6.653172 seconds.
  path: Assets/_Scripts
  artifactKey: Guid(d2b373090834c5c4eaf793194c4b6f81) Importer(815301076,1909f56bfc062723c751e8b465ee728b)
Start importing Assets/_Scripts using Guid(d2b373090834c5c4eaf793194c4b6f81) Importer(815301076,1909f56bfc062723c751e8b465ee728b)  -> (artifact id: '6e27e1e3d508a7e6ad4a19d4b3c30680') in 0.005939 seconds
  Import took 0.008057 seconds .

========================================================================
Received Import Request.
  Time since last request: 11.047619 seconds.
  path: Assets/_Prefabs
  artifactKey: Guid(d8d095da160f2c54da4e13c4c94b20f2) Importer(815301076,1909f56bfc062723c751e8b465ee728b)
Start importing Assets/_Prefabs using Guid(d8d095da160f2c54da4e13c4c94b20f2) Importer(815301076,1909f56bfc062723c751e8b465ee728b)  -> (artifact id: '7ecc7dc4006937cfe52dc40d5c08ac21') in 0.006237 seconds
  Import took 0.008409 seconds .

========================================================================
Received Import Request.
  Time since last request: 21.185678 seconds.
  path: Assets/_Materials
  artifactKey: Guid(5ce804f32feda5743b1b042073bb84eb) Importer(815301076,1909f56bfc062723c751e8b465ee728b)
Start importing Assets/_Materials using Guid(5ce804f32feda5743b1b042073bb84eb) Importer(815301076,1909f56bfc062723c751e8b465ee728b)  -> (artifact id: 'd64f16a0d57112fb3681dd1ac9874db0') in 0.005273 seconds
  Import took 0.007387 seconds .

========================================================================
Received Import Request.
  Time since last request: 0.000275 seconds.
  path: Assets/_Materials
  artifactKey: Guid(5ce804f32feda5743b1b042073bb84eb) Importer(815301076,1909f56bfc062723c751e8b465ee728b)
Start importing Assets/_Materials using Guid(5ce804f32feda5743b1b042073bb84eb) Importer(815301076,1909f56bfc062723c751e8b465ee728b)  -> (artifact id: 'd64f16a0d57112fb3681dd1ac9874db0') in 0.001218 seconds
  Import took 0.002715 seconds .

